2019-05-22T12:10:35+00:00 : started optimization with 10 examples
Initializing BavarianCropsDataset trainvalid partition in region HOLL_2018_MT_pilot
read 7 classes
no cached dataset found. iterating through csv folders in /home/marc/data/BavarianCrops/csv/HOLL_2018_MT_pilot
--nsamples argument provided... using only 10 elements from the dataset
loaded 10 samples
Initializing BavarianCropsDataset eval partition in region HOLL_2018_MT_pilot
read 7 classes
no cached dataset found. iterating through csv folders in /home/marc/data/BavarianCrops/csv/HOLL_2018_MT_pilot
--nsamples argument provided... using only 10 elements from the dataset
loaded 10 samples
Visdom Environment: None
starting training phase classification


train: Epoch 1:, loss: 8.93, loss_classification: 8.93, earliness_reward: 0.00, lr: 0.00, accuracy: 0.20, mean_accuracy: 0.14, mean_recall: 0.14, mean_precision: 0.04, mean_f1: 0.06, kappa: 0.02, earliness: 1.00

train: Epoch 2:, loss: 7.27, loss_classification: 7.28, earliness_reward: 0.00, lr: 0.00, accuracy: 0.30, mean_accuracy: 0.18, mean_recall: 0.18, mean_precision: 0.18, mean_f1: 0.17, kappa: 0.08, earliness: 1.00

train: Epoch 3:, loss: 7.36, loss_classification: 7.37, earliness_reward: 0.00, lr: 0.00, accuracy: 0.40, mean_accuracy: 0.21, mean_recall: 0.21, mean_precision: 0.29, mean_f1: 0.23, kappa: 0.19, earliness: 1.00

train: Epoch 4:, loss: 7.24, loss_classification: 7.24, earliness_reward: 0.00, lr: 0.00, accuracy: 0.20, mean_accuracy: 0.14, mean_recall: 0.14, mean_precision: 0.10, mean_f1: 0.11, kappa: -0.05, earliness: 1.00

train: Epoch 5:, loss: 6.86, loss_classification: 6.86, earliness_reward: 0.00, lr: 0.00, accuracy: 0.40, mean_accuracy: 0.21, mean_recall: 0.21, mean_precision: 0.26, mean_f1: 0.22, kappa: 0.17, earliness: 1.00

train: Epoch 6:, loss: 6.91, loss_classification: 6.91, earliness_reward: 0.00, lr: 0.00, accuracy: 0.20, mean_accuracy: 0.07, mean_recall: 0.07, mean_precision: 0.07, mean_f1: 0.07, kappa: -0.11, earliness: 1.00

train: Epoch 7:, loss: 6.84, loss_classification: 6.84, earliness_reward: 0.00, lr: 0.00, accuracy: 0.40, mean_accuracy: 0.14, mean_recall: 0.14, mean_precision: 0.06, mean_f1: 0.08, kappa: 0.00, earliness: 1.00

train: Epoch 8:, loss: 6.72, loss_classification: 6.72, earliness_reward: 0.00, lr: 0.00, accuracy: 0.30, mean_accuracy: 0.11, mean_recall: 0.11, mean_precision: 0.05, mean_f1: 0.07, kappa: -0.13, earliness: 1.00

train: Epoch 9:, loss: 6.69, loss_classification: 6.69, earliness_reward: 0.00, lr: 0.00, accuracy: 0.40, mean_accuracy: 0.14, mean_recall: 0.14, mean_precision: 0.06, mean_f1: 0.08, kappa: 0.00, earliness: 1.00

train: Epoch 10:, loss: 6.52, loss_classification: 6.52, earliness_reward: 0.00, lr: 0.00, accuracy: 0.40, mean_accuracy: 0.14, mean_recall: 0.14, mean_precision: 0.06, mean_f1: 0.08, kappa: 0.00, earliness: 1.00

train: Epoch 11:, loss: 6.26, loss_classification: 6.27, earliness_reward: 0.00, lr: 0.00, accuracy: 0.40, mean_accuracy: 0.14, mean_recall: 0.14, mean_precision: 0.06, mean_f1: 0.08, kappa: 0.00, earliness: 1.00

train: Epoch 12:, loss: 6.40, loss_classification: 6.40, earliness_reward: 0.00, lr: 0.00, accuracy: 0.40, mean_accuracy: 0.14, mean_recall: 0.14, mean_precision: 0.06, mean_f1: 0.08, kappa: 0.00, earliness: 1.00

train: Epoch 13:, loss: 6.42, loss_classification: 6.42, earliness_reward: 0.00, lr: 0.00, accuracy: 0.40, mean_accuracy: 0.14, mean_recall: 0.14, mean_precision: 0.06, mean_f1: 0.08, kappa: 0.00, earliness: 1.00

train: Epoch 14:, loss: 6.26, loss_classification: 6.26, earliness_reward: 0.00, lr: 0.00, accuracy: 0.40, mean_accuracy: 0.14, mean_recall: 0.14, mean_precision: 0.06, mean_f1: 0.08, kappa: 0.00, earliness: 1.00

train: Epoch 15:, loss: 6.05, loss_classification: 6.06, earliness_reward: 0.00, lr: 0.00, accuracy: 0.50, mean_accuracy: 0.21, mean_recall: 0.21, mean_precision: 0.21, mean_f1: 0.18, kappa: 0.19, earliness: 1.00

train: Epoch 16:, loss: 6.09, loss_classification: 6.09, earliness_reward: 0.00, lr: 0.00, accuracy: 0.40, mean_accuracy: 0.14, mean_recall: 0.14, mean_precision: 0.06, mean_f1: 0.08, kappa: 0.00, earliness: 1.00

train: Epoch 17:, loss: 5.95, loss_classification: 5.95, earliness_reward: 0.00, lr: 0.00, accuracy: 0.40, mean_accuracy: 0.14, mean_recall: 0.14, mean_precision: 0.06, mean_f1: 0.08, kappa: 0.00, earliness: 1.00

train: Epoch 18:, loss: 5.87, loss_classification: 5.87, earliness_reward: 0.00, lr: 0.00, accuracy: 0.40, mean_accuracy: 0.14, mean_recall: 0.14, mean_precision: 0.06, mean_f1: 0.08, kappa: 0.00, earliness: 1.00

train: Epoch 19:, loss: 5.94, loss_classification: 5.94, earliness_reward: 0.00, lr: 0.00, accuracy: 0.30, mean_accuracy: 0.11, mean_recall: 0.11, mean_precision: 0.05, mean_f1: 0.07, kappa: -0.13, earliness: 1.00

train: Epoch 20:, loss: 5.89, loss_classification: 5.89, earliness_reward: 0.00, lr: 0.00, accuracy: 0.40, mean_accuracy: 0.14, mean_recall: 0.14, mean_precision: 0.06, mean_f1: 0.09, kappa: 0.03, earliness: 1.00

train: Epoch 21:, loss: 5.92, loss_classification: 5.92, earliness_reward: 0.00, lr: 0.00, accuracy: 0.40, mean_accuracy: 0.14, mean_recall: 0.14, mean_precision: 0.06, mean_f1: 0.08, kappa: 0.00, earliness: 1.00

train: Epoch 22:, loss: 5.86, loss_classification: 5.86, earliness_reward: 0.00, lr: 0.00, accuracy: 0.40, mean_accuracy: 0.14, mean_recall: 0.14, mean_precision: 0.06, mean_f1: 0.09, kappa: 0.03, earliness: 1.00

train: Epoch 23:, loss: 5.65, loss_classification: 5.66, earliness_reward: 0.00, lr: 0.00, accuracy: 0.40, mean_accuracy: 0.14, mean_recall: 0.14, mean_precision: 0.06, mean_f1: 0.08, kappa: 0.00, earliness: 1.00

train: Epoch 24:, loss: 5.52, loss_classification: 5.53, earliness_reward: 0.00, lr: 0.00, accuracy: 0.50, mean_accuracy: 0.21, mean_recall: 0.21, mean_precision: 0.15, mean_f1: 0.18, kappa: 0.24, earliness: 1.00

train: Epoch 25:, loss: 5.58, loss_classification: 5.58, earliness_reward: 0.00, lr: 0.00, accuracy: 0.50, mean_accuracy: 0.21, mean_recall: 0.21, mean_precision: 0.15, mean_f1: 0.17, kappa: 0.29, earliness: 1.00

train: Epoch 26:, loss: 5.13, loss_classification: 5.13, earliness_reward: 0.00, lr: 0.00, accuracy: 0.70, mean_accuracy: 0.36, mean_recall: 0.36, mean_precision: 0.28, mean_f1: 0.31, kappa: 0.57, earliness: 1.00

train: Epoch 27:, loss: 5.01, loss_classification: 5.01, earliness_reward: 0.00, lr: 0.00, accuracy: 0.60, mean_accuracy: 0.29, mean_recall: 0.29, mean_precision: 0.19, mean_f1: 0.21, kappa: 0.44, earliness: 1.00

train: Epoch 28:, loss: 5.01, loss_classification: 5.02, earliness_reward: 0.00, lr: 0.00, accuracy: 0.60, mean_accuracy: 0.32, mean_recall: 0.32, mean_precision: 0.26, mean_f1: 0.27, kappa: 0.46, earliness: 1.00

train: Epoch 29:, loss: 4.89, loss_classification: 4.90, earliness_reward: 0.00, lr: 0.00, accuracy: 0.70, mean_accuracy: 0.36, mean_recall: 0.36, mean_precision: 0.34, mean_f1: 0.32, kappa: 0.58, earliness: 1.00

train: Epoch 30:, loss: 4.78, loss_classification: 4.78, earliness_reward: 0.00, lr: 0.00, accuracy: 0.60, mean_accuracy: 0.29, mean_recall: 0.29, mean_precision: 0.30, mean_f1: 0.28, kappa: 0.43, earliness: 1.00

train: Epoch 31:, loss: 4.61, loss_classification: 4.62, earliness_reward: 0.00, lr: 0.00, accuracy: 0.70, mean_accuracy: 0.36, mean_recall: 0.36, mean_precision: 0.34, mean_f1: 0.32, kappa: 0.58, earliness: 1.00

train: Epoch 32:, loss: 4.87, loss_classification: 4.87, earliness_reward: 0.00, lr: 0.00, accuracy: 0.60, mean_accuracy: 0.32, mean_recall: 0.32, mean_precision: 0.29, mean_f1: 0.29, kappa: 0.46, earliness: 1.00

train: Epoch 33:, loss: 4.26, loss_classification: 4.26, earliness_reward: 0.00, lr: 0.00, accuracy: 0.70, mean_accuracy: 0.36, mean_recall: 0.36, mean_precision: 0.29, mean_f1: 0.31, kappa: 0.58, earliness: 1.00

train: Epoch 34:, loss: 4.24, loss_classification: 4.25, earliness_reward: 0.01, lr: 0.00, accuracy: 0.90, mean_accuracy: 0.50, mean_recall: 0.50, mean_precision: 0.52, mean_f1: 0.50, kappa: 0.86, earliness: 1.00

train: Epoch 35:, loss: 4.11, loss_classification: 4.11, earliness_reward: 0.00, lr: 0.00, accuracy: 0.60, mean_accuracy: 0.29, mean_recall: 0.29, mean_precision: 0.24, mean_f1: 0.26, kappa: 0.44, earliness: 1.00

train: Epoch 36:, loss: 4.07, loss_classification: 4.07, earliness_reward: 0.00, lr: 0.00, accuracy: 0.70, mean_accuracy: 0.36, mean_recall: 0.36, mean_precision: 0.29, mean_f1: 0.31, kappa: 0.58, earliness: 1.00

train: Epoch 37:, loss: 4.14, loss_classification: 4.15, earliness_reward: 0.01, lr: 0.00, accuracy: 0.80, mean_accuracy: 0.43, mean_recall: 0.43, mean_precision: 0.33, mean_f1: 0.37, kappa: 0.72, earliness: 1.00

train: Epoch 38:, loss: 4.00, loss_classification: 4.00, earliness_reward: 0.00, lr: 0.00, accuracy: 0.60, mean_accuracy: 0.29, mean_recall: 0.29, mean_precision: 0.24, mean_f1: 0.26, kappa: 0.44, earliness: 1.00

train: Epoch 39:, loss: 4.87, loss_classification: 4.87, earliness_reward: 0.00, lr: 0.00, accuracy: 0.70, mean_accuracy: 0.36, mean_recall: 0.36, mean_precision: 0.33, mean_f1: 0.32, kappa: 0.57, earliness: 1.00

train: Epoch 40:, loss: 6.62, loss_classification: 6.62, earliness_reward: 0.00, lr: 0.00, accuracy: 0.40, mean_accuracy: 0.21, mean_recall: 0.21, mean_precision: 0.19, mean_f1: 0.17, kappa: 0.21, earliness: 1.00

train: Epoch 41:, loss: 4.19, loss_classification: 4.19, earliness_reward: 0.00, lr: 0.00, accuracy: 0.70, mean_accuracy: 0.36, mean_recall: 0.36, mean_precision: 0.29, mean_f1: 0.31, kappa: 0.58, earliness: 1.00

train: Epoch 42:, loss: 5.35, loss_classification: 5.35, earliness_reward: 0.00, lr: 0.00, accuracy: 0.50, mean_accuracy: 0.21, mean_recall: 0.21, mean_precision: 0.15, mean_f1: 0.18, kappa: 0.24, earliness: 1.00

train: Epoch 43:, loss: 5.62, loss_classification: 5.62, earliness_reward: 0.00, lr: 0.00, accuracy: 0.50, mean_accuracy: 0.21, mean_recall: 0.21, mean_precision: 0.22, mean_f1: 0.20, kappa: 0.24, earliness: 1.00

train: Epoch 44:, loss: 4.60, loss_classification: 4.61, earliness_reward: 0.00, lr: 0.00, accuracy: 0.50, mean_accuracy: 0.21, mean_recall: 0.21, mean_precision: 0.16, mean_f1: 0.18, kappa: 0.29, earliness: 1.00

train: Epoch 45:, loss: 4.85, loss_classification: 4.86, earliness_reward: 0.00, lr: 0.00, accuracy: 0.80, mean_accuracy: 0.43, mean_recall: 0.43, mean_precision: 0.50, mean_f1: 0.43, kappa: 0.72, earliness: 1.00

train: Epoch 46:, loss: 5.17, loss_classification: 5.18, earliness_reward: 0.00, lr: 0.00, accuracy: 0.70, mean_accuracy: 0.36, mean_recall: 0.36, mean_precision: 0.34, mean_f1: 0.32, kappa: 0.58, earliness: 1.00

train: Epoch 47:, loss: 4.88, loss_classification: 4.88, earliness_reward: 0.00, lr: 0.00, accuracy: 0.70, mean_accuracy: 0.36, mean_recall: 0.36, mean_precision: 0.29, mean_f1: 0.31, kappa: 0.58, earliness: 1.00

train: Epoch 48:, loss: 4.81, loss_classification: 4.81, earliness_reward: 0.00, lr: 0.00, accuracy: 0.60, mean_accuracy: 0.32, mean_recall: 0.32, mean_precision: 0.26, mean_f1: 0.27, kappa: 0.46, earliness: 1.00

train: Epoch 49:, loss: 4.50, loss_classification: 4.51, earliness_reward: 0.00, lr: 0.00, accuracy: 0.70, mean_accuracy: 0.36, mean_recall: 0.36, mean_precision: 0.31, mean_f1: 0.33, kappa: 0.58, earliness: 1.00

train: Epoch 50:, loss: 4.59, loss_classification: 4.59, earliness_reward: 0.00, lr: 0.00, accuracy: 0.60, mean_accuracy: 0.29, mean_recall: 0.29, mean_precision: 0.24, mean_f1: 0.26, kappa: 0.41, earliness: 1.00

train: Epoch 51:, loss: 4.23, loss_classification: 4.24, earliness_reward: 0.00, lr: 0.00, accuracy: 0.70, mean_accuracy: 0.36, mean_recall: 0.36, mean_precision: 0.28, mean_f1: 0.31, kappa: 0.57, earliness: 1.00

train: Epoch 52:, loss: 4.48, loss_classification: 4.48, earliness_reward: 0.00, lr: 0.00, accuracy: 0.60, mean_accuracy: 0.29, mean_recall: 0.29, mean_precision: 0.20, mean_f1: 0.22, kappa: 0.44, earliness: 1.00

train: Epoch 53:, loss: 4.62, loss_classification: 4.63, earliness_reward: 0.00, lr: 0.00, accuracy: 0.60, mean_accuracy: 0.29, mean_recall: 0.29, mean_precision: 0.19, mean_f1: 0.21, kappa: 0.44, earliness: 1.00

train: Epoch 54:, loss: 4.01, loss_classification: 4.01, earliness_reward: 0.00, lr: 0.00, accuracy: 0.60, mean_accuracy: 0.29, mean_recall: 0.29, mean_precision: 0.21, mean_f1: 0.24, kappa: 0.44, earliness: 1.00

train: Epoch 55:, loss: 4.83, loss_classification: 4.83, earliness_reward: 0.01, lr: 0.00, accuracy: 0.70, mean_accuracy: 0.36, mean_recall: 0.36, mean_precision: 0.34, mean_f1: 0.32, kappa: 0.58, earliness: 1.00

train: Epoch 56:, loss: 3.88, loss_classification: 3.88, earliness_reward: 0.00, lr: 0.00, accuracy: 0.40, mean_accuracy: 0.18, mean_recall: 0.18, mean_precision: 0.17, mean_f1: 0.16, kappa: 0.19, earliness: 1.00

train: Epoch 57:, loss: 4.04, loss_classification: 4.05, earliness_reward: 0.00, lr: 0.00, accuracy: 0.80, mean_accuracy: 0.43, mean_recall: 0.43, mean_precision: 0.50, mean_f1: 0.43, kappa: 0.72, earliness: 1.00

train: Epoch 58:, loss: 3.87, loss_classification: 3.88, earliness_reward: 0.01, lr: 0.00, accuracy: 0.80, mean_accuracy: 0.43, mean_recall: 0.43, mean_precision: 0.45, mean_f1: 0.42, kappa: 0.72, earliness: 1.00

train: Epoch 59:, loss: 4.21, loss_classification: 4.21, earliness_reward: 0.00, lr: 0.00, accuracy: 0.60, mean_accuracy: 0.32, mean_recall: 0.32, mean_precision: 0.27, mean_f1: 0.28, kappa: 0.46, earliness: 1.00

train: Epoch 60:, loss: 4.03, loss_classification: 4.04, earliness_reward: 0.01, lr: 0.00, accuracy: 0.80, mean_accuracy: 0.43, mean_recall: 0.43, mean_precision: 0.33, mean_f1: 0.37, kappa: 0.72, earliness: 1.00
valid: Epoch 60:, loss: 7.24, loss_classification: 7.25, earliness_reward: 0.01, accuracy: 0.70, mean_accuracy: 0.21, mean_recall: 0.21, mean_precision: 0.29, mean_f1: 0.24, kappa: 0.52, earliness: 1.00ending training phase earliness

saving model to /tmp/nsamples/BavarianCrops/model_earliness.pth
Saving log to /tmp/nsamples/BavarianCrops/log_earliness.csv
saving /tmp/nsamples/BavarianCrops/npy/confusion_matrix_60.npy
saving /tmp/nsamples/BavarianCrops/npy/targets_60.npy
saving /tmp/nsamples/BavarianCrops/npy/inputs_60.npy
saving /tmp/nsamples/BavarianCrops/npy/deltas_60.npy
saving /tmp/nsamples/BavarianCrops/npy/pts_60.npy
saving /tmp/nsamples/BavarianCrops/npy/budget_60.npy
saving /tmp/nsamples/BavarianCrops/npy/probas_60.npy
saving /tmp/nsamples/BavarianCrops/npy/t_stops_60.npy
saving /tmp/nsamples/BavarianCrops/npy/predictions_60.npy
saving /tmp/nsamples/BavarianCrops/npy/labels_60.npy
2019-05-22T12:11:13+00:00 : ended optimization with 10 examples
2019-05-22T12:11:13+00:00 : started optimization with 100 examples
Initializing BavarianCropsDataset trainvalid partition in region HOLL_2018_MT_pilot
read 7 classes
no cached dataset found. iterating through csv folders in /home/marc/data/BavarianCrops/csv/HOLL_2018_MT_pilot
--nsamples argument provided... using only 100 elements from the dataset
loaded 100 samples
Initializing BavarianCropsDataset eval partition in region HOLL_2018_MT_pilot
read 7 classes
no cached dataset found. iterating through csv folders in /home/marc/data/BavarianCrops/csv/HOLL_2018_MT_pilot
--nsamples argument provided... using only 100 elements from the dataset
loaded 100 samples
Visdom Environment: None
starting training phase classification


train: Epoch 1:, loss: 9.12, loss_classification: 9.13, earliness_reward: 0.00, lr: 0.00, accuracy: 0.15, mean_accuracy: 0.13, mean_recall: 0.13, mean_precision: 0.02, mean_f1: 0.04, kappa: -0.02, earliness: 1.00

train: Epoch 2:, loss: 7.73, loss_classification: 7.73, earliness_reward: 0.00, lr: 0.00, accuracy: 0.28, mean_accuracy: 0.11, mean_recall: 0.11, mean_precision: 0.09, mean_f1: 0.10, kappa: -0.07, earliness: 1.00

train: Epoch 3:, loss: 7.71, loss_classification: 7.71, earliness_reward: 0.00, lr: 0.00, accuracy: 0.39, mean_accuracy: 0.15, mean_recall: 0.15, mean_precision: 0.12, mean_f1: 0.13, kappa: 0.05, earliness: 1.00

train: Epoch 4:, loss: 7.56, loss_classification: 7.56, earliness_reward: 0.00, lr: 0.00, accuracy: 0.41, mean_accuracy: 0.16, mean_recall: 0.16, mean_precision: 0.11, mean_f1: 0.13, kappa: 0.05, earliness: 1.00

train: Epoch 5:, loss: 7.44, loss_classification: 7.44, earliness_reward: 0.00, lr: 0.00, accuracy: 0.39, mean_accuracy: 0.12, mean_recall: 0.12, mean_precision: 0.07, mean_f1: 0.09, kappa: -0.06, earliness: 1.00

train: Epoch 6:, loss: 7.27, loss_classification: 7.27, earliness_reward: 0.00, lr: 0.00, accuracy: 0.46, mean_accuracy: 0.14, mean_recall: 0.14, mean_precision: 0.07, mean_f1: 0.09, kappa: -0.00, earliness: 1.00

train: Epoch 7:, loss: 7.16, loss_classification: 7.17, earliness_reward: 0.00, lr: 0.00, accuracy: 0.46, mean_accuracy: 0.14, mean_recall: 0.14, mean_precision: 0.07, mean_f1: 0.09, kappa: -0.01, earliness: 1.00

train: Epoch 8:, loss: 7.11, loss_classification: 7.11, earliness_reward: 0.00, lr: 0.00, accuracy: 0.47, mean_accuracy: 0.14, mean_recall: 0.14, mean_precision: 0.07, mean_f1: 0.09, kappa: 0.00, earliness: 1.00

train: Epoch 9:, loss: 7.03, loss_classification: 7.03, earliness_reward: 0.00, lr: 0.00, accuracy: 0.47, mean_accuracy: 0.14, mean_recall: 0.14, mean_precision: 0.07, mean_f1: 0.09, kappa: 0.00, earliness: 1.00

train: Epoch 10:, loss: 7.01, loss_classification: 7.02, earliness_reward: 0.00, lr: 0.00, accuracy: 0.47, mean_accuracy: 0.14, mean_recall: 0.14, mean_precision: 0.07, mean_f1: 0.09, kappa: 0.00, earliness: 1.00

train: Epoch 11:, loss: 7.06, loss_classification: 7.06, earliness_reward: 0.00, lr: 0.00, accuracy: 0.47, mean_accuracy: 0.14, mean_recall: 0.14, mean_precision: 0.07, mean_f1: 0.09, kappa: 0.00, earliness: 1.00

train: Epoch 12:, loss: 7.07, loss_classification: 7.07, earliness_reward: 0.00, lr: 0.00, accuracy: 0.47, mean_accuracy: 0.14, mean_recall: 0.14, mean_precision: 0.07, mean_f1: 0.09, kappa: 0.00, earliness: 1.00

train: Epoch 13:, loss: 6.94, loss_classification: 6.95, earliness_reward: 0.00, lr: 0.00, accuracy: 0.47, mean_accuracy: 0.14, mean_recall: 0.14, mean_precision: 0.07, mean_f1: 0.09, kappa: 0.00, earliness: 1.00

train: Epoch 14:, loss: 6.96, loss_classification: 6.96, earliness_reward: 0.00, lr: 0.00, accuracy: 0.47, mean_accuracy: 0.14, mean_recall: 0.14, mean_precision: 0.07, mean_f1: 0.09, kappa: 0.00, earliness: 1.00

train: Epoch 15:, loss: 6.92, loss_classification: 6.92, earliness_reward: 0.00, lr: 0.00, accuracy: 0.47, mean_accuracy: 0.14, mean_recall: 0.14, mean_precision: 0.07, mean_f1: 0.09, kappa: 0.00, earliness: 1.00

train: Epoch 16:, loss: 6.88, loss_classification: 6.88, earliness_reward: 0.00, lr: 0.00, accuracy: 0.47, mean_accuracy: 0.14, mean_recall: 0.14, mean_precision: 0.07, mean_f1: 0.09, kappa: 0.00, earliness: 1.00

train: Epoch 17:, loss: 6.91, loss_classification: 6.92, earliness_reward: 0.00, lr: 0.00, accuracy: 0.47, mean_accuracy: 0.14, mean_recall: 0.14, mean_precision: 0.07, mean_f1: 0.09, kappa: 0.00, earliness: 1.00

train: Epoch 18:, loss: 6.87, loss_classification: 6.87, earliness_reward: 0.00, lr: 0.00, accuracy: 0.47, mean_accuracy: 0.14, mean_recall: 0.14, mean_precision: 0.07, mean_f1: 0.09, kappa: 0.00, earliness: 1.00

train: Epoch 19:, loss: 6.88, loss_classification: 6.88, earliness_reward: 0.00, lr: 0.00, accuracy: 0.48, mean_accuracy: 0.15, mean_recall: 0.15, mean_precision: 0.21, mean_f1: 0.11, kappa: 0.02, earliness: 1.00

train: Epoch 20:, loss: 6.84, loss_classification: 6.84, earliness_reward: 0.00, lr: 0.00, accuracy: 0.47, mean_accuracy: 0.14, mean_recall: 0.14, mean_precision: 0.07, mean_f1: 0.09, kappa: 0.00, earliness: 1.00

train: Epoch 21:, loss: 6.80, loss_classification: 6.80, earliness_reward: 0.00, lr: 0.00, accuracy: 0.47, mean_accuracy: 0.14, mean_recall: 0.14, mean_precision: 0.07, mean_f1: 0.09, kappa: 0.00, earliness: 1.00

train: Epoch 22:, loss: 6.78, loss_classification: 6.79, earliness_reward: 0.00, lr: 0.00, accuracy: 0.47, mean_accuracy: 0.14, mean_recall: 0.14, mean_precision: 0.07, mean_f1: 0.09, kappa: 0.00, earliness: 1.00

train: Epoch 23:, loss: 6.75, loss_classification: 6.76, earliness_reward: 0.00, lr: 0.00, accuracy: 0.47, mean_accuracy: 0.14, mean_recall: 0.14, mean_precision: 0.07, mean_f1: 0.09, kappa: 0.00, earliness: 1.00

train: Epoch 24:, loss: 6.71, loss_classification: 6.71, earliness_reward: 0.00, lr: 0.00, accuracy: 0.49, mean_accuracy: 0.16, mean_recall: 0.16, mean_precision: 0.21, mean_f1: 0.12, kappa: 0.05, earliness: 1.00

train: Epoch 25:, loss: 6.61, loss_classification: 6.61, earliness_reward: 0.00, lr: 0.00, accuracy: 0.49, mean_accuracy: 0.17, mean_recall: 0.17, mean_precision: 0.18, mean_f1: 0.14, kappa: 0.09, earliness: 1.00

train: Epoch 26:, loss: 6.61, loss_classification: 6.62, earliness_reward: 0.00, lr: 0.00, accuracy: 0.52, mean_accuracy: 0.22, mean_recall: 0.22, mean_precision: 0.20, mean_f1: 0.20, kappa: 0.20, earliness: 1.00

train: Epoch 27:, loss: 6.56, loss_classification: 6.56, earliness_reward: 0.00, lr: 0.00, accuracy: 0.48, mean_accuracy: 0.20, mean_recall: 0.20, mean_precision: 0.15, mean_f1: 0.16, kappa: 0.14, earliness: 1.00

train: Epoch 28:, loss: 6.55, loss_classification: 6.55, earliness_reward: 0.00, lr: 0.00, accuracy: 0.51, mean_accuracy: 0.22, mean_recall: 0.22, mean_precision: 0.16, mean_f1: 0.18, kappa: 0.19, earliness: 1.00

train: Epoch 29:, loss: 6.58, loss_classification: 6.58, earliness_reward: 0.00, lr: 0.00, accuracy: 0.53, mean_accuracy: 0.25, mean_recall: 0.25, mean_precision: 0.18, mean_f1: 0.20, kappa: 0.25, earliness: 1.00

train: Epoch 30:, loss: 6.44, loss_classification: 6.44, earliness_reward: 0.00, lr: 0.00, accuracy: 0.51, mean_accuracy: 0.25, mean_recall: 0.25, mean_precision: 0.18, mean_f1: 0.21, kappa: 0.27, earliness: 1.00

train: Epoch 31:, loss: 6.42, loss_classification: 6.43, earliness_reward: 0.00, lr: 0.00, accuracy: 0.55, mean_accuracy: 0.27, mean_recall: 0.27, mean_precision: 0.20, mean_f1: 0.22, kappa: 0.32, earliness: 1.00

train: Epoch 32:, loss: 6.41, loss_classification: 6.41, earliness_reward: 0.00, lr: 0.00, accuracy: 0.52, mean_accuracy: 0.22, mean_recall: 0.22, mean_precision: 0.17, mean_f1: 0.19, kappa: 0.24, earliness: 1.00

train: Epoch 33:, loss: 6.40, loss_classification: 6.41, earliness_reward: 0.00, lr: 0.00, accuracy: 0.56, mean_accuracy: 0.28, mean_recall: 0.28, mean_precision: 0.21, mean_f1: 0.24, kappa: 0.33, earliness: 1.00

train: Epoch 34:, loss: 6.34, loss_classification: 6.34, earliness_reward: 0.00, lr: 0.00, accuracy: 0.58, mean_accuracy: 0.29, mean_recall: 0.29, mean_precision: 0.21, mean_f1: 0.24, kappa: 0.37, earliness: 1.00

train: Epoch 35:, loss: 6.32, loss_classification: 6.32, earliness_reward: 0.00, lr: 0.00, accuracy: 0.53, mean_accuracy: 0.23, mean_recall: 0.23, mean_precision: 0.18, mean_f1: 0.20, kappa: 0.26, earliness: 1.00

train: Epoch 36:, loss: 6.27, loss_classification: 6.27, earliness_reward: 0.00, lr: 0.00, accuracy: 0.55, mean_accuracy: 0.25, mean_recall: 0.25, mean_precision: 0.22, mean_f1: 0.23, kappa: 0.31, earliness: 1.00

train: Epoch 37:, loss: 6.27, loss_classification: 6.28, earliness_reward: 0.00, lr: 0.00, accuracy: 0.57, mean_accuracy: 0.31, mean_recall: 0.31, mean_precision: 0.22, mean_f1: 0.25, kappa: 0.38, earliness: 1.00

train: Epoch 38:, loss: 6.28, loss_classification: 6.28, earliness_reward: 0.00, lr: 0.00, accuracy: 0.55, mean_accuracy: 0.27, mean_recall: 0.27, mean_precision: 0.20, mean_f1: 0.22, kappa: 0.29, earliness: 1.00

train: Epoch 39:, loss: 6.21, loss_classification: 6.21, earliness_reward: 0.00, lr: 0.00, accuracy: 0.49, mean_accuracy: 0.25, mean_recall: 0.25, mean_precision: 0.18, mean_f1: 0.19, kappa: 0.28, earliness: 1.00

train: Epoch 40:, loss: 6.15, loss_classification: 6.15, earliness_reward: 0.00, lr: 0.00, accuracy: 0.57, mean_accuracy: 0.29, mean_recall: 0.29, mean_precision: 0.21, mean_f1: 0.24, kappa: 0.33, earliness: 1.00

train: Epoch 41:, loss: 6.04, loss_classification: 6.04, earliness_reward: 0.00, lr: 0.00, accuracy: 0.58, mean_accuracy: 0.28, mean_recall: 0.28, mean_precision: 0.21, mean_f1: 0.24, kappa: 0.36, earliness: 1.00

train: Epoch 42:, loss: 6.05, loss_classification: 6.05, earliness_reward: 0.00, lr: 0.00, accuracy: 0.55, mean_accuracy: 0.29, mean_recall: 0.29, mean_precision: 0.21, mean_f1: 0.23, kappa: 0.35, earliness: 1.00

train: Epoch 43:, loss: 6.12, loss_classification: 6.12, earliness_reward: 0.00, lr: 0.00, accuracy: 0.60, mean_accuracy: 0.29, mean_recall: 0.29, mean_precision: 0.23, mean_f1: 0.25, kappa: 0.36, earliness: 1.00

train: Epoch 44:, loss: 6.69, loss_classification: 6.69, earliness_reward: 0.00, lr: 0.00, accuracy: 0.43, mean_accuracy: 0.25, mean_recall: 0.25, mean_precision: 0.17, mean_f1: 0.17, kappa: 0.24, earliness: 1.00

train: Epoch 45:, loss: 6.12, loss_classification: 6.12, earliness_reward: 0.00, lr: 0.00, accuracy: 0.52, mean_accuracy: 0.23, mean_recall: 0.23, mean_precision: 0.17, mean_f1: 0.19, kappa: 0.24, earliness: 1.00

train: Epoch 46:, loss: 6.45, loss_classification: 6.46, earliness_reward: 0.00, lr: 0.00, accuracy: 0.51, mean_accuracy: 0.19, mean_recall: 0.19, mean_precision: 0.17, mean_f1: 0.16, kappa: 0.14, earliness: 1.00

train: Epoch 47:, loss: 6.18, loss_classification: 6.18, earliness_reward: 0.00, lr: 0.00, accuracy: 0.54, mean_accuracy: 0.23, mean_recall: 0.23, mean_precision: 0.18, mean_f1: 0.20, kappa: 0.24, earliness: 1.00

train: Epoch 48:, loss: 6.06, loss_classification: 6.06, earliness_reward: 0.00, lr: 0.00, accuracy: 0.57, mean_accuracy: 0.31, mean_recall: 0.31, mean_precision: 0.24, mean_f1: 0.24, kappa: 0.36, earliness: 1.00

train: Epoch 49:, loss: 6.14, loss_classification: 6.15, earliness_reward: 0.00, lr: 0.00, accuracy: 0.53, mean_accuracy: 0.29, mean_recall: 0.29, mean_precision: 0.20, mean_f1: 0.21, kappa: 0.33, earliness: 1.00

train: Epoch 50:, loss: 5.99, loss_classification: 5.99, earliness_reward: 0.00, lr: 0.00, accuracy: 0.53, mean_accuracy: 0.27, mean_recall: 0.27, mean_precision: 0.17, mean_f1: 0.19, kappa: 0.31, earliness: 1.00

train: Epoch 51:, loss: 5.90, loss_classification: 5.91, earliness_reward: 0.00, lr: 0.00, accuracy: 0.56, mean_accuracy: 0.28, mean_recall: 0.28, mean_precision: 0.18, mean_f1: 0.20, kappa: 0.33, earliness: 1.00

train: Epoch 52:, loss: 5.88, loss_classification: 5.88, earliness_reward: 0.00, lr: 0.00, accuracy: 0.55, mean_accuracy: 0.27, mean_recall: 0.27, mean_precision: 0.19, mean_f1: 0.21, kappa: 0.32, earliness: 1.00

train: Epoch 53:, loss: 6.15, loss_classification: 6.15, earliness_reward: 0.00, lr: 0.00, accuracy: 0.49, mean_accuracy: 0.25, mean_recall: 0.25, mean_precision: 0.19, mean_f1: 0.18, kappa: 0.29, earliness: 1.00

train: Epoch 54:, loss: 5.95, loss_classification: 5.95, earliness_reward: 0.00, lr: 0.00, accuracy: 0.57, mean_accuracy: 0.29, mean_recall: 0.29, mean_precision: 0.21, mean_f1: 0.24, kappa: 0.36, earliness: 1.00

train: Epoch 55:, loss: 5.95, loss_classification: 5.96, earliness_reward: 0.00, lr: 0.00, accuracy: 0.59, mean_accuracy: 0.24, mean_recall: 0.24, mean_precision: 0.15, mean_f1: 0.19, kappa: 0.35, earliness: 1.00

train: Epoch 56:, loss: 5.98, loss_classification: 5.99, earliness_reward: 0.00, lr: 0.00, accuracy: 0.56, mean_accuracy: 0.22, mean_recall: 0.22, mean_precision: 0.14, mean_f1: 0.17, kappa: 0.30, earliness: 1.00

train: Epoch 57:, loss: 5.80, loss_classification: 5.80, earliness_reward: 0.00, lr: 0.00, accuracy: 0.58, mean_accuracy: 0.27, mean_recall: 0.27, mean_precision: 0.30, mean_f1: 0.21, kappa: 0.37, earliness: 1.00

train: Epoch 58:, loss: 5.91, loss_classification: 5.92, earliness_reward: 0.00, lr: 0.00, accuracy: 0.56, mean_accuracy: 0.26, mean_recall: 0.26, mean_precision: 0.18, mean_f1: 0.21, kappa: 0.35, earliness: 1.00

train: Epoch 59:, loss: 5.94, loss_classification: 5.94, earliness_reward: 0.00, lr: 0.00, accuracy: 0.54, mean_accuracy: 0.30, mean_recall: 0.30, mean_precision: 0.20, mean_f1: 0.23, kappa: 0.35, earliness: 1.00

train: Epoch 60:, loss: 5.86, loss_classification: 5.86, earliness_reward: 0.00, lr: 0.00, accuracy: 0.59, mean_accuracy: 0.28, mean_recall: 0.28, mean_precision: 0.20, mean_f1: 0.23, kappa: 0.35, earliness: 1.00
valid: Epoch 60:, loss: 6.03, loss_classification: 6.03, earliness_reward: 0.00, accuracy: 0.59, mean_accuracy: 0.26, mean_recall: 0.26, mean_precision: 0.16, mean_f1: 0.17, kappa: 0.37, earliness: 1.00ending training phase earliness

saving model to /tmp/nsamples/BavarianCrops/model_earliness.pth
Saving log to /tmp/nsamples/BavarianCrops/log_earliness.csv
saving /tmp/nsamples/BavarianCrops/npy/confusion_matrix_60.npy
saving /tmp/nsamples/BavarianCrops/npy/targets_60.npy
saving /tmp/nsamples/BavarianCrops/npy/inputs_60.npy
saving /tmp/nsamples/BavarianCrops/npy/deltas_60.npy
saving /tmp/nsamples/BavarianCrops/npy/pts_60.npy
saving /tmp/nsamples/BavarianCrops/npy/budget_60.npy
saving /tmp/nsamples/BavarianCrops/npy/probas_60.npy
saving /tmp/nsamples/BavarianCrops/npy/t_stops_60.npy
saving /tmp/nsamples/BavarianCrops/npy/predictions_60.npy
saving /tmp/nsamples/BavarianCrops/npy/labels_60.npy
2019-05-22T12:11:53+00:00 : ended optimization with 100 examples
2019-05-22T12:11:53+00:00 : started optimization with 1000 examples
Initializing BavarianCropsDataset trainvalid partition in region HOLL_2018_MT_pilot
read 7 classes
no cached dataset found. iterating through csv folders in /home/marc/data/BavarianCrops/csv/HOLL_2018_MT_pilot
--nsamples argument provided... using only 1000 elements from the dataset
loaded 1000 samples
Initializing BavarianCropsDataset eval partition in region HOLL_2018_MT_pilot
read 7 classes
no cached dataset found. iterating through csv folders in /home/marc/data/BavarianCrops/csv/HOLL_2018_MT_pilot
--nsamples argument provided... using only 1000 elements from the dataset
loaded 1000 samples
Visdom Environment: None
starting training phase classification


train: Epoch 1:, loss: 9.23, loss_classification: 9.24, earliness_reward: 0.00, lr: 0.00, accuracy: 0.15, mean_accuracy: 0.16, mean_recall: 0.16, mean_precision: 0.16, mean_f1: 0.07, kappa: 0.01, earliness: 1.00

train: Epoch 2:, loss: 7.79, loss_classification: 7.79, earliness_reward: 0.00, lr: 0.00, accuracy: 0.36, mean_accuracy: 0.13, mean_recall: 0.13, mean_precision: 0.10, mean_f1: 0.11, kappa: -0.01, earliness: 1.00

train: Epoch 3:, loss: 7.74, loss_classification: 7.74, earliness_reward: 0.00, lr: 0.00, accuracy: 0.39, mean_accuracy: 0.14, mean_recall: 0.14, mean_precision: 0.24, mean_f1: 0.12, kappa: -0.02, earliness: 1.00

train: Epoch 4:, loss: 7.63, loss_classification: 7.63, earliness_reward: 0.00, lr: 0.00, accuracy: 0.44, mean_accuracy: 0.14, mean_recall: 0.14, mean_precision: 0.20, mean_f1: 0.12, kappa: -0.00, earliness: 1.00

train: Epoch 5:, loss: 7.47, loss_classification: 7.47, earliness_reward: 0.00, lr: 0.00, accuracy: 0.47, mean_accuracy: 0.14, mean_recall: 0.14, mean_precision: 0.10, mean_f1: 0.11, kappa: 0.01, earliness: 1.00

train: Epoch 6:, loss: 7.35, loss_classification: 7.35, earliness_reward: 0.00, lr: 0.00, accuracy: 0.48, mean_accuracy: 0.14, mean_recall: 0.14, mean_precision: 0.12, mean_f1: 0.10, kappa: 0.00, earliness: 1.00

train: Epoch 7:, loss: 7.21, loss_classification: 7.21, earliness_reward: 0.00, lr: 0.00, accuracy: 0.48, mean_accuracy: 0.14, mean_recall: 0.14, mean_precision: 0.07, mean_f1: 0.09, kappa: -0.00, earliness: 1.00

train: Epoch 8:, loss: 7.15, loss_classification: 7.15, earliness_reward: 0.00, lr: 0.00, accuracy: 0.49, mean_accuracy: 0.14, mean_recall: 0.14, mean_precision: 0.07, mean_f1: 0.09, kappa: 0.00, earliness: 1.00

train: Epoch 9:, loss: 7.11, loss_classification: 7.12, earliness_reward: 0.00, lr: 0.00, accuracy: 0.49, mean_accuracy: 0.14, mean_recall: 0.14, mean_precision: 0.07, mean_f1: 0.09, kappa: 0.00, earliness: 1.00

train: Epoch 10:, loss: 7.13, loss_classification: 7.13, earliness_reward: 0.00, lr: 0.00, accuracy: 0.49, mean_accuracy: 0.14, mean_recall: 0.14, mean_precision: 0.07, mean_f1: 0.09, kappa: 0.00, earliness: 1.00

train: Epoch 11:, loss: 7.15, loss_classification: 7.15, earliness_reward: 0.00, lr: 0.00, accuracy: 0.49, mean_accuracy: 0.14, mean_recall: 0.14, mean_precision: 0.07, mean_f1: 0.09, kappa: 0.00, earliness: 1.00

train: Epoch 12:, loss: 7.17, loss_classification: 7.17, earliness_reward: 0.00, lr: 0.00, accuracy: 0.49, mean_accuracy: 0.14, mean_recall: 0.14, mean_precision: 0.07, mean_f1: 0.09, kappa: 0.00, earliness: 1.00

train: Epoch 13:, loss: 7.16, loss_classification: 7.16, earliness_reward: 0.00, lr: 0.00, accuracy: 0.49, mean_accuracy: 0.14, mean_recall: 0.14, mean_precision: 0.07, mean_f1: 0.09, kappa: 0.00, earliness: 1.00

train: Epoch 14:, loss: 7.13, loss_classification: 7.14, earliness_reward: 0.00, lr: 0.00, accuracy: 0.49, mean_accuracy: 0.14, mean_recall: 0.14, mean_precision: 0.07, mean_f1: 0.09, kappa: 0.00, earliness: 1.00

train: Epoch 15:, loss: 7.09, loss_classification: 7.09, earliness_reward: 0.00, lr: 0.00, accuracy: 0.49, mean_accuracy: 0.14, mean_recall: 0.14, mean_precision: 0.07, mean_f1: 0.09, kappa: 0.00, earliness: 1.00

train: Epoch 16:, loss: 7.05, loss_classification: 7.06, earliness_reward: 0.00, lr: 0.00, accuracy: 0.49, mean_accuracy: 0.14, mean_recall: 0.14, mean_precision: 0.07, mean_f1: 0.09, kappa: 0.00, earliness: 1.00

train: Epoch 17:, loss: 7.04, loss_classification: 7.05, earliness_reward: 0.00, lr: 0.00, accuracy: 0.49, mean_accuracy: 0.14, mean_recall: 0.14, mean_precision: 0.07, mean_f1: 0.09, kappa: 0.00, earliness: 1.00

train: Epoch 18:, loss: 7.05, loss_classification: 7.05, earliness_reward: 0.00, lr: 0.00, accuracy: 0.49, mean_accuracy: 0.14, mean_recall: 0.14, mean_precision: 0.07, mean_f1: 0.09, kappa: 0.00, earliness: 1.00

train: Epoch 19:, loss: 7.02, loss_classification: 7.02, earliness_reward: 0.00, lr: 0.00, accuracy: 0.49, mean_accuracy: 0.14, mean_recall: 0.14, mean_precision: 0.07, mean_f1: 0.09, kappa: 0.00, earliness: 1.00

train: Epoch 20:, loss: 6.99, loss_classification: 6.99, earliness_reward: 0.00, lr: 0.00, accuracy: 0.49, mean_accuracy: 0.14, mean_recall: 0.14, mean_precision: 0.07, mean_f1: 0.09, kappa: 0.00, earliness: 1.00

train: Epoch 21:, loss: 6.97, loss_classification: 6.97, earliness_reward: 0.00, lr: 0.00, accuracy: 0.49, mean_accuracy: 0.14, mean_recall: 0.14, mean_precision: 0.07, mean_f1: 0.09, kappa: 0.00, earliness: 1.00

train: Epoch 22:, loss: 6.95, loss_classification: 6.95, earliness_reward: 0.00, lr: 0.00, accuracy: 0.49, mean_accuracy: 0.14, mean_recall: 0.14, mean_precision: 0.07, mean_f1: 0.09, kappa: 0.00, earliness: 1.00

train: Epoch 23:, loss: 6.93, loss_classification: 6.93, earliness_reward: 0.00, lr: 0.00, accuracy: 0.49, mean_accuracy: 0.14, mean_recall: 0.14, mean_precision: 0.07, mean_f1: 0.09, kappa: 0.00, earliness: 1.00

train: Epoch 24:, loss: 6.92, loss_classification: 6.92, earliness_reward: 0.00, lr: 0.00, accuracy: 0.49, mean_accuracy: 0.14, mean_recall: 0.14, mean_precision: 0.07, mean_f1: 0.09, kappa: 0.00, earliness: 1.00

train: Epoch 25:, loss: 6.89, loss_classification: 6.89, earliness_reward: 0.00, lr: 0.00, accuracy: 0.49, mean_accuracy: 0.14, mean_recall: 0.14, mean_precision: 0.07, mean_f1: 0.09, kappa: 0.00, earliness: 1.00

train: Epoch 26:, loss: 6.84, loss_classification: 6.84, earliness_reward: 0.00, lr: 0.00, accuracy: 0.49, mean_accuracy: 0.14, mean_recall: 0.14, mean_precision: 0.07, mean_f1: 0.09, kappa: 0.00, earliness: 1.00

train: Epoch 27:, loss: 6.80, loss_classification: 6.81, earliness_reward: 0.00, lr: 0.00, accuracy: 0.49, mean_accuracy: 0.14, mean_recall: 0.14, mean_precision: 0.13, mean_f1: 0.10, kappa: 0.01, earliness: 1.00

train: Epoch 28:, loss: 6.78, loss_classification: 6.79, earliness_reward: 0.00, lr: 0.00, accuracy: 0.49, mean_accuracy: 0.15, mean_recall: 0.15, mean_precision: 0.11, mean_f1: 0.11, kappa: 0.04, earliness: 1.00

train: Epoch 29:, loss: 6.72, loss_classification: 6.73, earliness_reward: 0.00, lr: 0.00, accuracy: 0.50, mean_accuracy: 0.17, mean_recall: 0.17, mean_precision: 0.16, mean_f1: 0.14, kappa: 0.09, earliness: 1.00

train: Epoch 30:, loss: 6.70, loss_classification: 6.70, earliness_reward: 0.00, lr: 0.00, accuracy: 0.51, mean_accuracy: 0.17, mean_recall: 0.17, mean_precision: 0.15, mean_f1: 0.14, kappa: 0.10, earliness: 1.00

train: Epoch 31:, loss: 6.66, loss_classification: 6.67, earliness_reward: 0.00, lr: 0.00, accuracy: 0.52, mean_accuracy: 0.19, mean_recall: 0.19, mean_precision: 0.16, mean_f1: 0.16, kappa: 0.15, earliness: 1.00

train: Epoch 32:, loss: 6.65, loss_classification: 6.66, earliness_reward: 0.00, lr: 0.00, accuracy: 0.50, mean_accuracy: 0.21, mean_recall: 0.21, mean_precision: 0.15, mean_f1: 0.17, kappa: 0.22, earliness: 1.00

train: Epoch 33:, loss: 6.61, loss_classification: 6.61, earliness_reward: 0.00, lr: 0.00, accuracy: 0.52, mean_accuracy: 0.22, mean_recall: 0.22, mean_precision: 0.18, mean_f1: 0.19, kappa: 0.23, earliness: 1.00

train: Epoch 34:, loss: 6.59, loss_classification: 6.59, earliness_reward: 0.00, lr: 0.00, accuracy: 0.53, mean_accuracy: 0.20, mean_recall: 0.20, mean_precision: 0.16, mean_f1: 0.16, kappa: 0.21, earliness: 1.00

train: Epoch 35:, loss: 6.54, loss_classification: 6.54, earliness_reward: 0.00, lr: 0.00, accuracy: 0.53, mean_accuracy: 0.22, mean_recall: 0.22, mean_precision: 0.26, mean_f1: 0.17, kappa: 0.25, earliness: 1.00

train: Epoch 36:, loss: 6.50, loss_classification: 6.50, earliness_reward: 0.00, lr: 0.00, accuracy: 0.53, mean_accuracy: 0.23, mean_recall: 0.23, mean_precision: 0.14, mean_f1: 0.17, kappa: 0.27, earliness: 1.00

train: Epoch 37:, loss: 6.47, loss_classification: 6.48, earliness_reward: 0.00, lr: 0.00, accuracy: 0.53, mean_accuracy: 0.22, mean_recall: 0.22, mean_precision: 0.31, mean_f1: 0.17, kappa: 0.24, earliness: 1.00

train: Epoch 38:, loss: 6.46, loss_classification: 6.47, earliness_reward: 0.00, lr: 0.00, accuracy: 0.52, mean_accuracy: 0.23, mean_recall: 0.23, mean_precision: 0.16, mean_f1: 0.17, kappa: 0.26, earliness: 1.00

train: Epoch 39:, loss: 6.43, loss_classification: 6.44, earliness_reward: 0.00, lr: 0.00, accuracy: 0.54, mean_accuracy: 0.22, mean_recall: 0.22, mean_precision: 0.27, mean_f1: 0.17, kappa: 0.25, earliness: 1.00

train: Epoch 40:, loss: 6.43, loss_classification: 6.44, earliness_reward: 0.00, lr: 0.00, accuracy: 0.52, mean_accuracy: 0.23, mean_recall: 0.23, mean_precision: 0.14, mean_f1: 0.17, kappa: 0.27, earliness: 1.00

train: Epoch 41:, loss: 6.55, loss_classification: 6.55, earliness_reward: 0.00, lr: 0.00, accuracy: 0.55, mean_accuracy: 0.21, mean_recall: 0.21, mean_precision: 0.13, mean_f1: 0.16, kappa: 0.23, earliness: 1.00

train: Epoch 42:, loss: 6.33, loss_classification: 6.33, earliness_reward: 0.00, lr: 0.00, accuracy: 0.54, mean_accuracy: 0.24, mean_recall: 0.24, mean_precision: 0.14, mean_f1: 0.17, kappa: 0.29, earliness: 1.00

train: Epoch 43:, loss: 6.33, loss_classification: 6.33, earliness_reward: 0.00, lr: 0.00, accuracy: 0.53, mean_accuracy: 0.24, mean_recall: 0.24, mean_precision: 0.14, mean_f1: 0.17, kappa: 0.29, earliness: 1.00

train: Epoch 44:, loss: 6.49, loss_classification: 6.50, earliness_reward: 0.00, lr: 0.00, accuracy: 0.55, mean_accuracy: 0.21, mean_recall: 0.21, mean_precision: 0.13, mean_f1: 0.17, kappa: 0.24, earliness: 1.00

train: Epoch 45:, loss: 6.26, loss_classification: 6.27, earliness_reward: 0.00, lr: 0.00, accuracy: 0.55, mean_accuracy: 0.24, mean_recall: 0.24, mean_precision: 0.14, mean_f1: 0.17, kappa: 0.30, earliness: 1.00

train: Epoch 46:, loss: 6.44, loss_classification: 6.44, earliness_reward: 0.00, lr: 0.00, accuracy: 0.52, mean_accuracy: 0.24, mean_recall: 0.24, mean_precision: 0.15, mean_f1: 0.17, kappa: 0.30, earliness: 1.00

train: Epoch 47:, loss: 6.34, loss_classification: 6.34, earliness_reward: 0.00, lr: 0.00, accuracy: 0.55, mean_accuracy: 0.23, mean_recall: 0.23, mean_precision: 0.14, mean_f1: 0.17, kappa: 0.27, earliness: 1.00

train: Epoch 48:, loss: 6.39, loss_classification: 6.39, earliness_reward: 0.00, lr: 0.00, accuracy: 0.55, mean_accuracy: 0.22, mean_recall: 0.22, mean_precision: 0.14, mean_f1: 0.17, kappa: 0.26, earliness: 1.00

train: Epoch 49:, loss: 6.22, loss_classification: 6.23, earliness_reward: 0.00, lr: 0.00, accuracy: 0.54, mean_accuracy: 0.23, mean_recall: 0.23, mean_precision: 0.14, mean_f1: 0.17, kappa: 0.30, earliness: 1.00

train: Epoch 50:, loss: 6.38, loss_classification: 6.39, earliness_reward: 0.00, lr: 0.00, accuracy: 0.51, mean_accuracy: 0.24, mean_recall: 0.24, mean_precision: 0.19, mean_f1: 0.18, kappa: 0.29, earliness: 1.00

train: Epoch 51:, loss: 6.20, loss_classification: 6.20, earliness_reward: 0.00, lr: 0.00, accuracy: 0.55, mean_accuracy: 0.24, mean_recall: 0.24, mean_precision: 0.14, mean_f1: 0.17, kappa: 0.31, earliness: 1.00

train: Epoch 52:, loss: 6.29, loss_classification: 6.29, earliness_reward: 0.00, lr: 0.00, accuracy: 0.55, mean_accuracy: 0.23, mean_recall: 0.23, mean_precision: 0.14, mean_f1: 0.17, kappa: 0.28, earliness: 1.00

train: Epoch 53:, loss: 6.25, loss_classification: 6.25, earliness_reward: 0.00, lr: 0.00, accuracy: 0.56, mean_accuracy: 0.23, mean_recall: 0.23, mean_precision: 0.14, mean_f1: 0.17, kappa: 0.29, earliness: 1.00

train: Epoch 54:, loss: 6.18, loss_classification: 6.19, earliness_reward: 0.00, lr: 0.00, accuracy: 0.55, mean_accuracy: 0.25, mean_recall: 0.25, mean_precision: 0.15, mean_f1: 0.18, kappa: 0.32, earliness: 1.00

train: Epoch 55:, loss: 6.25, loss_classification: 6.25, earliness_reward: 0.00, lr: 0.00, accuracy: 0.54, mean_accuracy: 0.24, mean_recall: 0.24, mean_precision: 0.15, mean_f1: 0.17, kappa: 0.31, earliness: 1.00

train: Epoch 56:, loss: 6.15, loss_classification: 6.15, earliness_reward: 0.00, lr: 0.00, accuracy: 0.56, mean_accuracy: 0.24, mean_recall: 0.24, mean_precision: 0.14, mean_f1: 0.18, kappa: 0.31, earliness: 1.00

train: Epoch 57:, loss: 6.23, loss_classification: 6.23, earliness_reward: 0.00, lr: 0.00, accuracy: 0.56, mean_accuracy: 0.23, mean_recall: 0.23, mean_precision: 0.14, mean_f1: 0.17, kappa: 0.29, earliness: 1.00

train: Epoch 58:, loss: 6.08, loss_classification: 6.08, earliness_reward: 0.00, lr: 0.00, accuracy: 0.55, mean_accuracy: 0.25, mean_recall: 0.25, mean_precision: 0.15, mean_f1: 0.18, kappa: 0.32, earliness: 1.00

train: Epoch 59:, loss: 6.21, loss_classification: 6.22, earliness_reward: 0.00, lr: 0.00, accuracy: 0.54, mean_accuracy: 0.25, mean_recall: 0.25, mean_precision: 0.15, mean_f1: 0.17, kappa: 0.32, earliness: 1.00

train: Epoch 60:, loss: 6.06, loss_classification: 6.06, earliness_reward: 0.00, lr: 0.00, accuracy: 0.56, mean_accuracy: 0.24, mean_recall: 0.24, mean_precision: 0.14, mean_f1: 0.18, kappa: 0.30, earliness: 1.00
valid: Epoch 60:, loss: 5.32, loss_classification: 5.32, earliness_reward: 0.00, accuracy: 0.65, mean_accuracy: 0.24, mean_recall: 0.24, mean_precision: 0.16, mean_f1: 0.19, kappa: 0.35, earliness: 1.00ending training phase earliness

saving model to /tmp/nsamples/BavarianCrops/model_earliness.pth
Saving log to /tmp/nsamples/BavarianCrops/log_earliness.csv
saving /tmp/nsamples/BavarianCrops/npy/confusion_matrix_60.npy
saving /tmp/nsamples/BavarianCrops/npy/targets_60.npy
saving /tmp/nsamples/BavarianCrops/npy/inputs_60.npy
saving /tmp/nsamples/BavarianCrops/npy/deltas_60.npy
saving /tmp/nsamples/BavarianCrops/npy/pts_60.npy
saving /tmp/nsamples/BavarianCrops/npy/budget_60.npy
saving /tmp/nsamples/BavarianCrops/npy/probas_60.npy
saving /tmp/nsamples/BavarianCrops/npy/t_stops_60.npy
saving /tmp/nsamples/BavarianCrops/npy/predictions_60.npy
saving /tmp/nsamples/BavarianCrops/npy/labels_60.npy
2019-05-22T12:12:42+00:00 : ended optimization with 1000 examples
2019-05-22T12:12:42+00:00 : started optimization with 10000 examples
Initializing BavarianCropsDataset trainvalid partition in region HOLL_2018_MT_pilot
read 7 classes
no cached dataset found. iterating through csv folders in /home/marc/data/BavarianCrops/csv/HOLL_2018_MT_pilot
--nsamples argument provided... using only 10000 elements from the dataset
loaded 10000 samples
Initializing BavarianCropsDataset eval partition in region HOLL_2018_MT_pilot
read 7 classes
no cached dataset found. iterating through csv folders in /home/marc/data/BavarianCrops/csv/HOLL_2018_MT_pilot
--nsamples argument provided... using only 10000 elements from the dataset
loaded 10000 samples
Visdom Environment: None
starting training phase classification


train: Epoch 1:, loss: 7.59, loss_classification: 7.59, earliness_reward: 0.00, lr: 0.00, accuracy: 0.42, mean_accuracy: 0.14, mean_recall: 0.14, mean_precision: 0.15, mean_f1: 0.12, kappa: 0.00, earliness: 1.00

train: Epoch 2:, loss: 7.06, loss_classification: 7.06, earliness_reward: 0.00, lr: 0.00, accuracy: 0.48, mean_accuracy: 0.14, mean_recall: 0.14, mean_precision: 0.07, mean_f1: 0.09, kappa: -0.00, earliness: 1.00

train: Epoch 3:, loss: 6.80, loss_classification: 6.80, earliness_reward: 0.00, lr: 0.00, accuracy: 0.49, mean_accuracy: 0.16, mean_recall: 0.16, mean_precision: 0.15, mean_f1: 0.12, kappa: 0.05, earliness: 1.00

train: Epoch 4:, loss: 6.51, loss_classification: 6.51, earliness_reward: 0.00, lr: 0.00, accuracy: 0.53, mean_accuracy: 0.23, mean_recall: 0.23, mean_precision: 0.17, mean_f1: 0.18, kappa: 0.26, earliness: 1.00

train: Epoch 5:, loss: 6.31, loss_classification: 6.32, earliness_reward: 0.00, lr: 0.00, accuracy: 0.54, mean_accuracy: 0.24, mean_recall: 0.24, mean_precision: 0.17, mean_f1: 0.19, kappa: 0.29, earliness: 1.00

train: Epoch 6:, loss: 6.11, loss_classification: 6.12, earliness_reward: 0.00, lr: 0.00, accuracy: 0.56, mean_accuracy: 0.25, mean_recall: 0.25, mean_precision: 0.18, mean_f1: 0.19, kappa: 0.33, earliness: 1.00

train: Epoch 7:, loss: 5.96, loss_classification: 5.97, earliness_reward: 0.00, lr: 0.00, accuracy: 0.58, mean_accuracy: 0.25, mean_recall: 0.25, mean_precision: 0.17, mean_f1: 0.19, kappa: 0.35, earliness: 1.00

train: Epoch 8:, loss: 5.80, loss_classification: 5.80, earliness_reward: 0.00, lr: 0.01, accuracy: 0.57, mean_accuracy: 0.26, mean_recall: 0.26, mean_precision: 0.24, mean_f1: 0.22, kappa: 0.34, earliness: 1.00

train: Epoch 9:, loss: 5.75, loss_classification: 5.75, earliness_reward: 0.01, lr: 0.01, accuracy: 0.58, mean_accuracy: 0.27, mean_recall: 0.27, mean_precision: 0.26, mean_f1: 0.24, kappa: 0.35, earliness: 0.99

train: Epoch 10:, loss: 5.58, loss_classification: 5.66, earliness_reward: 0.08, lr: 0.01, accuracy: 0.58, mean_accuracy: 0.27, mean_recall: 0.27, mean_precision: 0.27, mean_f1: 0.25, kappa: 0.32, earliness: 0.76

train: Epoch 11:, loss: 5.40, loss_classification: 5.53, earliness_reward: 0.13, lr: 0.01, accuracy: 0.59, mean_accuracy: 0.28, mean_recall: 0.28, mean_precision: 0.30, mean_f1: 0.27, kappa: 0.35, earliness: 0.58

train: Epoch 12:, loss: 5.22, loss_classification: 5.35, earliness_reward: 0.13, lr: 0.01, accuracy: 0.60, mean_accuracy: 0.31, mean_recall: 0.31, mean_precision: 0.30, mean_f1: 0.29, kappa: 0.39, earliness: 0.68

train: Epoch 13:, loss: 5.05, loss_classification: 5.17, earliness_reward: 0.12, lr: 0.01, accuracy: 0.65, mean_accuracy: 0.37, mean_recall: 0.37, mean_precision: 0.37, mean_f1: 0.36, kappa: 0.46, earliness: 0.70

train: Epoch 14:, loss: 5.07, loss_classification: 5.20, earliness_reward: 0.13, lr: 0.01, accuracy: 0.66, mean_accuracy: 0.39, mean_recall: 0.39, mean_precision: 0.38, mean_f1: 0.37, kappa: 0.48, earliness: 0.68

train: Epoch 15:, loss: 4.93, loss_classification: 5.07, earliness_reward: 0.13, lr: 0.01, accuracy: 0.66, mean_accuracy: 0.39, mean_recall: 0.39, mean_precision: 0.38, mean_f1: 0.37, kappa: 0.49, earliness: 0.67

train: Epoch 16:, loss: 4.70, loss_classification: 4.84, earliness_reward: 0.14, lr: 0.00, accuracy: 0.70, mean_accuracy: 0.43, mean_recall: 0.43, mean_precision: 0.57, mean_f1: 0.42, kappa: 0.54, earliness: 0.67

train: Epoch 17:, loss: 4.59, loss_classification: 4.71, earliness_reward: 0.13, lr: 0.00, accuracy: 0.71, mean_accuracy: 0.46, mean_recall: 0.46, mean_precision: 0.44, mean_f1: 0.44, kappa: 0.57, earliness: 0.72

train: Epoch 18:, loss: 4.47, loss_classification: 4.60, earliness_reward: 0.13, lr: 0.00, accuracy: 0.72, mean_accuracy: 0.47, mean_recall: 0.47, mean_precision: 0.54, mean_f1: 0.45, kappa: 0.58, earliness: 0.72

train: Epoch 19:, loss: 4.42, loss_classification: 4.55, earliness_reward: 0.13, lr: 0.00, accuracy: 0.72, mean_accuracy: 0.47, mean_recall: 0.47, mean_precision: 0.60, mean_f1: 0.46, kappa: 0.58, earliness: 0.70

train: Epoch 20:, loss: 4.30, loss_classification: 4.44, earliness_reward: 0.14, lr: 0.00, accuracy: 0.74, mean_accuracy: 0.50, mean_recall: 0.50, mean_precision: 0.57, mean_f1: 0.48, kappa: 0.61, earliness: 0.70

train: Epoch 21:, loss: 4.43, loss_classification: 4.57, earliness_reward: 0.13, lr: 0.00, accuracy: 0.73, mean_accuracy: 0.49, mean_recall: 0.49, mean_precision: 0.54, mean_f1: 0.48, kappa: 0.60, earliness: 0.71

train: Epoch 22:, loss: 4.35, loss_classification: 4.48, earliness_reward: 0.13, lr: 0.00, accuracy: 0.73, mean_accuracy: 0.48, mean_recall: 0.48, mean_precision: 0.58, mean_f1: 0.47, kappa: 0.60, earliness: 0.70

train: Epoch 23:, loss: 4.20, loss_classification: 4.34, earliness_reward: 0.14, lr: 0.00, accuracy: 0.74, mean_accuracy: 0.50, mean_recall: 0.50, mean_precision: 0.57, mean_f1: 0.48, kappa: 0.61, earliness: 0.68

train: Epoch 24:, loss: 4.15, loss_classification: 4.29, earliness_reward: 0.14, lr: 0.00, accuracy: 0.74, mean_accuracy: 0.50, mean_recall: 0.50, mean_precision: 0.62, mean_f1: 0.49, kappa: 0.62, earliness: 0.69

train: Epoch 25:, loss: 4.14, loss_classification: 4.28, earliness_reward: 0.14, lr: 0.00, accuracy: 0.75, mean_accuracy: 0.51, mean_recall: 0.51, mean_precision: 0.57, mean_f1: 0.50, kappa: 0.63, earliness: 0.70

train: Epoch 26:, loss: 4.07, loss_classification: 4.20, earliness_reward: 0.14, lr: 0.00, accuracy: 0.76, mean_accuracy: 0.52, mean_recall: 0.52, mean_precision: 0.58, mean_f1: 0.51, kappa: 0.64, earliness: 0.71

train: Epoch 27:, loss: 4.04, loss_classification: 4.19, earliness_reward: 0.14, lr: 0.00, accuracy: 0.76, mean_accuracy: 0.52, mean_recall: 0.52, mean_precision: 0.60, mean_f1: 0.51, kappa: 0.64, earliness: 0.69

train: Epoch 28:, loss: 4.02, loss_classification: 4.17, earliness_reward: 0.14, lr: 0.00, accuracy: 0.76, mean_accuracy: 0.53, mean_recall: 0.53, mean_precision: 0.58, mean_f1: 0.51, kappa: 0.64, earliness: 0.70

train: Epoch 29:, loss: 4.03, loss_classification: 4.18, earliness_reward: 0.14, lr: 0.00, accuracy: 0.76, mean_accuracy: 0.53, mean_recall: 0.53, mean_precision: 0.64, mean_f1: 0.51, kappa: 0.65, earliness: 0.70

train: Epoch 30:, loss: 3.95, loss_classification: 4.10, earliness_reward: 0.15, lr: 0.00, accuracy: 0.77, mean_accuracy: 0.54, mean_recall: 0.54, mean_precision: 0.62, mean_f1: 0.52, kappa: 0.66, earliness: 0.69

train: Epoch 31:, loss: 3.93, loss_classification: 4.07, earliness_reward: 0.14, lr: 0.00, accuracy: 0.78, mean_accuracy: 0.56, mean_recall: 0.56, mean_precision: 0.63, mean_f1: 0.54, kappa: 0.67, earliness: 0.70

train: Epoch 32:, loss: 3.90, loss_classification: 4.04, earliness_reward: 0.14, lr: 0.00, accuracy: 0.78, mean_accuracy: 0.56, mean_recall: 0.56, mean_precision: 0.67, mean_f1: 0.54, kappa: 0.67, earliness: 0.71

train: Epoch 33:, loss: 3.84, loss_classification: 3.99, earliness_reward: 0.15, lr: 0.00, accuracy: 0.78, mean_accuracy: 0.56, mean_recall: 0.56, mean_precision: 0.62, mean_f1: 0.54, kappa: 0.68, earliness: 0.68

train: Epoch 34:, loss: 3.80, loss_classification: 3.95, earliness_reward: 0.15, lr: 0.00, accuracy: 0.79, mean_accuracy: 0.57, mean_recall: 0.57, mean_precision: 0.63, mean_f1: 0.56, kappa: 0.69, earliness: 0.69

train: Epoch 35:, loss: 3.72, loss_classification: 3.87, earliness_reward: 0.15, lr: 0.00, accuracy: 0.80, mean_accuracy: 0.58, mean_recall: 0.58, mean_precision: 0.67, mean_f1: 0.57, kappa: 0.70, earliness: 0.69

train: Epoch 36:, loss: 3.67, loss_classification: 3.82, earliness_reward: 0.15, lr: 0.00, accuracy: 0.80, mean_accuracy: 0.59, mean_recall: 0.59, mean_precision: 0.70, mean_f1: 0.57, kappa: 0.70, earliness: 0.69

train: Epoch 37:, loss: 3.61, loss_classification: 3.77, earliness_reward: 0.15, lr: 0.00, accuracy: 0.80, mean_accuracy: 0.60, mean_recall: 0.60, mean_precision: 0.64, mean_f1: 0.58, kappa: 0.71, earliness: 0.68

train: Epoch 38:, loss: 3.60, loss_classification: 3.76, earliness_reward: 0.16, lr: 0.00, accuracy: 0.81, mean_accuracy: 0.60, mean_recall: 0.60, mean_precision: 0.69, mean_f1: 0.58, kappa: 0.71, earliness: 0.67

train: Epoch 39:, loss: 3.67, loss_classification: 3.82, earliness_reward: 0.15, lr: 0.00, accuracy: 0.80, mean_accuracy: 0.58, mean_recall: 0.58, mean_precision: 0.68, mean_f1: 0.57, kappa: 0.70, earliness: 0.68

train: Epoch 40:, loss: 3.56, loss_classification: 3.72, earliness_reward: 0.16, lr: 0.00, accuracy: 0.81, mean_accuracy: 0.60, mean_recall: 0.60, mean_precision: 0.65, mean_f1: 0.59, kappa: 0.71, earliness: 0.68

train: Epoch 41:, loss: 3.54, loss_classification: 3.69, earliness_reward: 0.16, lr: 0.00, accuracy: 0.81, mean_accuracy: 0.61, mean_recall: 0.61, mean_precision: 0.69, mean_f1: 0.60, kappa: 0.72, earliness: 0.67

train: Epoch 42:, loss: 3.48, loss_classification: 3.63, earliness_reward: 0.16, lr: 0.00, accuracy: 0.82, mean_accuracy: 0.62, mean_recall: 0.62, mean_precision: 0.68, mean_f1: 0.60, kappa: 0.73, earliness: 0.68

train: Epoch 43:, loss: 3.49, loss_classification: 3.64, earliness_reward: 0.15, lr: 0.00, accuracy: 0.81, mean_accuracy: 0.61, mean_recall: 0.61, mean_precision: 0.70, mean_f1: 0.61, kappa: 0.73, earliness: 0.68

train: Epoch 44:, loss: 3.40, loss_classification: 3.56, earliness_reward: 0.16, lr: 0.00, accuracy: 0.82, mean_accuracy: 0.63, mean_recall: 0.63, mean_precision: 0.74, mean_f1: 0.62, kappa: 0.74, earliness: 0.68

train: Epoch 45:, loss: 3.38, loss_classification: 3.55, earliness_reward: 0.16, lr: 0.00, accuracy: 0.82, mean_accuracy: 0.63, mean_recall: 0.63, mean_precision: 0.72, mean_f1: 0.63, kappa: 0.74, earliness: 0.66

train: Epoch 46:, loss: 3.38, loss_classification: 3.54, earliness_reward: 0.16, lr: 0.00, accuracy: 0.82, mean_accuracy: 0.63, mean_recall: 0.63, mean_precision: 0.70, mean_f1: 0.62, kappa: 0.74, earliness: 0.66

train: Epoch 47:, loss: 3.35, loss_classification: 3.51, earliness_reward: 0.16, lr: 0.00, accuracy: 0.82, mean_accuracy: 0.63, mean_recall: 0.63, mean_precision: 0.71, mean_f1: 0.62, kappa: 0.74, earliness: 0.67

train: Epoch 48:, loss: 3.30, loss_classification: 3.46, earliness_reward: 0.16, lr: 0.00, accuracy: 0.83, mean_accuracy: 0.64, mean_recall: 0.64, mean_precision: 0.71, mean_f1: 0.64, kappa: 0.74, earliness: 0.66

train: Epoch 49:, loss: 3.29, loss_classification: 3.45, earliness_reward: 0.16, lr: 0.00, accuracy: 0.83, mean_accuracy: 0.64, mean_recall: 0.64, mean_precision: 0.74, mean_f1: 0.65, kappa: 0.75, earliness: 0.67

train: Epoch 50:, loss: 3.28, loss_classification: 3.45, earliness_reward: 0.17, lr: 0.00, accuracy: 0.83, mean_accuracy: 0.65, mean_recall: 0.65, mean_precision: 0.72, mean_f1: 0.65, kappa: 0.75, earliness: 0.66

train: Epoch 51:, loss: 3.39, loss_classification: 3.55, earliness_reward: 0.16, lr: 0.00, accuracy: 0.82, mean_accuracy: 0.64, mean_recall: 0.64, mean_precision: 0.72, mean_f1: 0.65, kappa: 0.74, earliness: 0.67

train: Epoch 52:, loss: 3.35, loss_classification: 3.51, earliness_reward: 0.16, lr: 0.00, accuracy: 0.83, mean_accuracy: 0.64, mean_recall: 0.64, mean_precision: 0.73, mean_f1: 0.64, kappa: 0.74, earliness: 0.67

train: Epoch 53:, loss: 3.28, loss_classification: 3.44, earliness_reward: 0.16, lr: 0.00, accuracy: 0.83, mean_accuracy: 0.65, mean_recall: 0.65, mean_precision: 0.74, mean_f1: 0.64, kappa: 0.75, earliness: 0.67

train: Epoch 54:, loss: 3.19, loss_classification: 3.36, earliness_reward: 0.17, lr: 0.00, accuracy: 0.83, mean_accuracy: 0.66, mean_recall: 0.66, mean_precision: 0.74, mean_f1: 0.67, kappa: 0.76, earliness: 0.66

train: Epoch 55:, loss: 3.13, loss_classification: 3.30, earliness_reward: 0.17, lr: 0.00, accuracy: 0.84, mean_accuracy: 0.68, mean_recall: 0.68, mean_precision: 0.76, mean_f1: 0.70, kappa: 0.77, earliness: 0.66

train: Epoch 56:, loss: 3.13, loss_classification: 3.30, earliness_reward: 0.17, lr: 0.00, accuracy: 0.85, mean_accuracy: 0.69, mean_recall: 0.69, mean_precision: 0.77, mean_f1: 0.70, kappa: 0.77, earliness: 0.67

train: Epoch 57:, loss: 3.16, loss_classification: 3.33, earliness_reward: 0.16, lr: 0.00, accuracy: 0.84, mean_accuracy: 0.68, mean_recall: 0.68, mean_precision: 0.75, mean_f1: 0.69, kappa: 0.77, earliness: 0.67

train: Epoch 58:, loss: 3.11, loss_classification: 3.27, earliness_reward: 0.17, lr: 0.00, accuracy: 0.84, mean_accuracy: 0.68, mean_recall: 0.68, mean_precision: 0.75, mean_f1: 0.69, kappa: 0.77, earliness: 0.66

train: Epoch 59:, loss: 3.10, loss_classification: 3.27, earliness_reward: 0.17, lr: 0.00, accuracy: 0.84, mean_accuracy: 0.68, mean_recall: 0.68, mean_precision: 0.77, mean_f1: 0.70, kappa: 0.77, earliness: 0.66

train: Epoch 60:, loss: 3.08, loss_classification: 3.25, earliness_reward: 0.17, lr: 0.00, accuracy: 0.84, mean_accuracy: 0.69, mean_recall: 0.69, mean_precision: 0.76, mean_f1: 0.70, kappa: 0.77, earliness: 0.65
valid: Epoch 60:, loss: 3.12, loss_classification: 3.32, earliness_reward: 0.20, accuracy: 0.83, mean_accuracy: 0.61, mean_recall: 0.61, mean_precision: 0.69, mean_f1: 0.62, kappa: 0.72, earliness: 0.62ending training phase earliness

saving model to /tmp/nsamples/BavarianCrops/model_earliness.pth
Saving log to /tmp/nsamples/BavarianCrops/log_earliness.csv
saving /tmp/nsamples/BavarianCrops/npy/confusion_matrix_60.npy
saving /tmp/nsamples/BavarianCrops/npy/targets_60.npy
saving /tmp/nsamples/BavarianCrops/npy/inputs_60.npy
saving /tmp/nsamples/BavarianCrops/npy/deltas_60.npy
saving /tmp/nsamples/BavarianCrops/npy/pts_60.npy
saving /tmp/nsamples/BavarianCrops/npy/budget_60.npy
saving /tmp/nsamples/BavarianCrops/npy/probas_60.npy
saving /tmp/nsamples/BavarianCrops/npy/t_stops_60.npy
saving /tmp/nsamples/BavarianCrops/npy/predictions_60.npy
saving /tmp/nsamples/BavarianCrops/npy/labels_60.npy
2019-05-22T12:14:38+00:00 : ended optimization with 10000 examples
2019-05-22T12:14:38+00:00 : started optimization with -1 examples
Initializing BavarianCropsDataset trainvalid partition in region HOLL_2018_MT_pilot
read 7 classes
no cached dataset found. iterating through csv folders in /home/marc/data/BavarianCrops/csv/HOLL_2018_MT_pilot
loaded 13515 samples
Initializing BavarianCropsDataset eval partition in region HOLL_2018_MT_pilot
read 7 classes
no cached dataset found. iterating through csv folders in /home/marc/data/BavarianCrops/csv/HOLL_2018_MT_pilot
loaded 5363 samples
Visdom Environment: None
starting training phase classification


train: Epoch 1:, loss: 7.44, loss_classification: 7.44, earliness_reward: 0.00, lr: 0.00, accuracy: 0.44, mean_accuracy: 0.15, mean_recall: 0.15, mean_precision: 0.13, mean_f1: 0.12, kappa: 0.01, earliness: 1.00

train: Epoch 2:, loss: 6.94, loss_classification: 6.94, earliness_reward: 0.00, lr: 0.00, accuracy: 0.49, mean_accuracy: 0.15, mean_recall: 0.15, mean_precision: 0.12, mean_f1: 0.10, kappa: 0.01, earliness: 1.00

train: Epoch 3:, loss: 6.49, loss_classification: 6.49, earliness_reward: 0.00, lr: 0.00, accuracy: 0.53, mean_accuracy: 0.22, mean_recall: 0.22, mean_precision: 0.20, mean_f1: 0.18, kappa: 0.25, earliness: 1.00

train: Epoch 4:, loss: 6.35, loss_classification: 6.35, earliness_reward: 0.00, lr: 0.00, accuracy: 0.53, mean_accuracy: 0.24, mean_recall: 0.24, mean_precision: 0.17, mean_f1: 0.19, kappa: 0.29, earliness: 1.00

train: Epoch 5:, loss: 6.06, loss_classification: 6.06, earliness_reward: 0.00, lr: 0.00, accuracy: 0.56, mean_accuracy: 0.25, mean_recall: 0.25, mean_precision: 0.18, mean_f1: 0.20, kappa: 0.33, earliness: 1.00

train: Epoch 6:, loss: 5.84, loss_classification: 5.84, earliness_reward: 0.00, lr: 0.01, accuracy: 0.59, mean_accuracy: 0.26, mean_recall: 0.26, mean_precision: 0.22, mean_f1: 0.19, kappa: 0.36, earliness: 1.00

train: Epoch 7:, loss: 5.71, loss_classification: 5.75, earliness_reward: 0.04, lr: 0.01, accuracy: 0.58, mean_accuracy: 0.26, mean_recall: 0.26, mean_precision: 0.27, mean_f1: 0.21, kappa: 0.34, earliness: 0.89

train: Epoch 8:, loss: 5.48, loss_classification: 5.61, earliness_reward: 0.14, lr: 0.01, accuracy: 0.59, mean_accuracy: 0.28, mean_recall: 0.28, mean_precision: 0.28, mean_f1: 0.25, kappa: 0.34, earliness: 0.57

train: Epoch 9:, loss: 5.38, loss_classification: 5.51, earliness_reward: 0.13, lr: 0.01, accuracy: 0.60, mean_accuracy: 0.30, mean_recall: 0.30, mean_precision: 0.30, mean_f1: 0.28, kappa: 0.37, earliness: 0.64

train: Epoch 10:, loss: 5.12, loss_classification: 5.25, earliness_reward: 0.13, lr: 0.01, accuracy: 0.62, mean_accuracy: 0.32, mean_recall: 0.32, mean_precision: 0.33, mean_f1: 0.31, kappa: 0.41, earliness: 0.66

train: Epoch 11:, loss: 4.94, loss_classification: 5.07, earliness_reward: 0.13, lr: 0.01, accuracy: 0.67, mean_accuracy: 0.40, mean_recall: 0.40, mean_precision: 0.40, mean_f1: 0.39, kappa: 0.50, earliness: 0.70

train: Epoch 12:, loss: 4.79, loss_classification: 4.92, earliness_reward: 0.13, lr: 0.00, accuracy: 0.70, mean_accuracy: 0.44, mean_recall: 0.44, mean_precision: 0.42, mean_f1: 0.42, kappa: 0.54, earliness: 0.69

train: Epoch 13:, loss: 4.66, loss_classification: 4.79, earliness_reward: 0.13, lr: 0.00, accuracy: 0.71, mean_accuracy: 0.45, mean_recall: 0.45, mean_precision: 0.43, mean_f1: 0.44, kappa: 0.56, earliness: 0.71

train: Epoch 14:, loss: 4.52, loss_classification: 4.65, earliness_reward: 0.13, lr: 0.00, accuracy: 0.72, mean_accuracy: 0.47, mean_recall: 0.47, mean_precision: 0.45, mean_f1: 0.46, kappa: 0.58, earliness: 0.70

train: Epoch 15:, loss: 4.41, loss_classification: 4.55, earliness_reward: 0.13, lr: 0.00, accuracy: 0.73, mean_accuracy: 0.48, mean_recall: 0.48, mean_precision: 0.46, mean_f1: 0.46, kappa: 0.59, earliness: 0.70

train: Epoch 16:, loss: 4.36, loss_classification: 4.49, earliness_reward: 0.13, lr: 0.00, accuracy: 0.74, mean_accuracy: 0.49, mean_recall: 0.49, mean_precision: 0.47, mean_f1: 0.48, kappa: 0.61, earliness: 0.71

train: Epoch 17:, loss: 4.24, loss_classification: 4.37, earliness_reward: 0.14, lr: 0.00, accuracy: 0.75, mean_accuracy: 0.51, mean_recall: 0.51, mean_precision: 0.47, mean_f1: 0.49, kappa: 0.62, earliness: 0.70

train: Epoch 18:, loss: 4.20, loss_classification: 4.34, earliness_reward: 0.14, lr: 0.00, accuracy: 0.75, mean_accuracy: 0.51, mean_recall: 0.51, mean_precision: 0.48, mean_f1: 0.50, kappa: 0.63, earliness: 0.70

train: Epoch 19:, loss: 4.13, loss_classification: 4.28, earliness_reward: 0.14, lr: 0.00, accuracy: 0.75, mean_accuracy: 0.51, mean_recall: 0.51, mean_precision: 0.48, mean_f1: 0.50, kappa: 0.63, earliness: 0.69

train: Epoch 20:, loss: 4.11, loss_classification: 4.25, earliness_reward: 0.14, lr: 0.00, accuracy: 0.76, mean_accuracy: 0.52, mean_recall: 0.52, mean_precision: 0.49, mean_f1: 0.51, kappa: 0.64, earliness: 0.70

train: Epoch 21:, loss: 4.01, loss_classification: 4.16, earliness_reward: 0.15, lr: 0.00, accuracy: 0.77, mean_accuracy: 0.54, mean_recall: 0.54, mean_precision: 0.56, mean_f1: 0.52, kappa: 0.65, earliness: 0.69

train: Epoch 22:, loss: 3.95, loss_classification: 4.09, earliness_reward: 0.14, lr: 0.00, accuracy: 0.77, mean_accuracy: 0.55, mean_recall: 0.55, mean_precision: 0.61, mean_f1: 0.53, kappa: 0.67, earliness: 0.70

train: Epoch 23:, loss: 4.01, loss_classification: 4.16, earliness_reward: 0.15, lr: 0.00, accuracy: 0.76, mean_accuracy: 0.54, mean_recall: 0.54, mean_precision: 0.62, mean_f1: 0.52, kappa: 0.65, earliness: 0.69

train: Epoch 24:, loss: 3.89, loss_classification: 4.03, earliness_reward: 0.15, lr: 0.00, accuracy: 0.78, mean_accuracy: 0.56, mean_recall: 0.56, mean_precision: 0.61, mean_f1: 0.55, kappa: 0.68, earliness: 0.69

train: Epoch 25:, loss: 3.86, loss_classification: 4.01, earliness_reward: 0.15, lr: 0.00, accuracy: 0.78, mean_accuracy: 0.56, mean_recall: 0.56, mean_precision: 0.61, mean_f1: 0.55, kappa: 0.68, earliness: 0.69

train: Epoch 26:, loss: 3.79, loss_classification: 3.95, earliness_reward: 0.15, lr: 0.00, accuracy: 0.79, mean_accuracy: 0.57, mean_recall: 0.57, mean_precision: 0.63, mean_f1: 0.56, kappa: 0.69, earliness: 0.68

train: Epoch 27:, loss: 3.90, loss_classification: 4.04, earliness_reward: 0.15, lr: 0.00, accuracy: 0.78, mean_accuracy: 0.56, mean_recall: 0.56, mean_precision: 0.59, mean_f1: 0.55, kappa: 0.67, earliness: 0.68

train: Epoch 28:, loss: 3.75, loss_classification: 3.91, earliness_reward: 0.16, lr: 0.00, accuracy: 0.80, mean_accuracy: 0.58, mean_recall: 0.58, mean_precision: 0.62, mean_f1: 0.57, kappa: 0.70, earliness: 0.67

train: Epoch 29:, loss: 3.67, loss_classification: 3.83, earliness_reward: 0.16, lr: 0.00, accuracy: 0.80, mean_accuracy: 0.59, mean_recall: 0.59, mean_precision: 0.65, mean_f1: 0.57, kappa: 0.70, earliness: 0.67

train: Epoch 30:, loss: 3.69, loss_classification: 3.85, earliness_reward: 0.15, lr: 0.00, accuracy: 0.80, mean_accuracy: 0.59, mean_recall: 0.59, mean_precision: 0.64, mean_f1: 0.57, kappa: 0.70, earliness: 0.68

train: Epoch 31:, loss: 3.61, loss_classification: 3.76, earliness_reward: 0.16, lr: 0.00, accuracy: 0.81, mean_accuracy: 0.60, mean_recall: 0.60, mean_precision: 0.64, mean_f1: 0.59, kappa: 0.71, earliness: 0.68

train: Epoch 32:, loss: 3.58, loss_classification: 3.73, earliness_reward: 0.16, lr: 0.00, accuracy: 0.80, mean_accuracy: 0.60, mean_recall: 0.60, mean_precision: 0.63, mean_f1: 0.59, kappa: 0.71, earliness: 0.68

train: Epoch 33:, loss: 3.51, loss_classification: 3.67, earliness_reward: 0.16, lr: 0.00, accuracy: 0.81, mean_accuracy: 0.60, mean_recall: 0.60, mean_precision: 0.66, mean_f1: 0.59, kappa: 0.72, earliness: 0.66

train: Epoch 34:, loss: 3.46, loss_classification: 3.63, earliness_reward: 0.16, lr: 0.00, accuracy: 0.81, mean_accuracy: 0.61, mean_recall: 0.61, mean_precision: 0.66, mean_f1: 0.60, kappa: 0.72, earliness: 0.66

train: Epoch 35:, loss: 3.50, loss_classification: 3.66, earliness_reward: 0.16, lr: 0.00, accuracy: 0.81, mean_accuracy: 0.61, mean_recall: 0.61, mean_precision: 0.71, mean_f1: 0.60, kappa: 0.73, earliness: 0.67

train: Epoch 36:, loss: 3.44, loss_classification: 3.60, earliness_reward: 0.16, lr: 0.00, accuracy: 0.82, mean_accuracy: 0.61, mean_recall: 0.61, mean_precision: 0.65, mean_f1: 0.60, kappa: 0.73, earliness: 0.66

train: Epoch 37:, loss: 3.44, loss_classification: 3.61, earliness_reward: 0.17, lr: 0.00, accuracy: 0.81, mean_accuracy: 0.61, mean_recall: 0.61, mean_precision: 0.68, mean_f1: 0.60, kappa: 0.73, earliness: 0.66

train: Epoch 38:, loss: 3.45, loss_classification: 3.61, earliness_reward: 0.16, lr: 0.00, accuracy: 0.81, mean_accuracy: 0.61, mean_recall: 0.61, mean_precision: 0.63, mean_f1: 0.60, kappa: 0.72, earliness: 0.68

train: Epoch 39:, loss: 3.36, loss_classification: 3.53, earliness_reward: 0.17, lr: 0.00, accuracy: 0.82, mean_accuracy: 0.63, mean_recall: 0.63, mean_precision: 0.65, mean_f1: 0.61, kappa: 0.74, earliness: 0.66

train: Epoch 40:, loss: 3.36, loss_classification: 3.52, earliness_reward: 0.17, lr: 0.00, accuracy: 0.82, mean_accuracy: 0.62, mean_recall: 0.62, mean_precision: 0.73, mean_f1: 0.61, kappa: 0.73, earliness: 0.66

train: Epoch 41:, loss: 3.33, loss_classification: 3.50, earliness_reward: 0.16, lr: 0.00, accuracy: 0.82, mean_accuracy: 0.62, mean_recall: 0.62, mean_precision: 0.70, mean_f1: 0.61, kappa: 0.74, earliness: 0.67

train: Epoch 42:, loss: 3.44, loss_classification: 3.60, earliness_reward: 0.16, lr: 0.00, accuracy: 0.82, mean_accuracy: 0.62, mean_recall: 0.62, mean_precision: 0.70, mean_f1: 0.61, kappa: 0.73, earliness: 0.68

train: Epoch 43:, loss: 3.35, loss_classification: 3.51, earliness_reward: 0.16, lr: 0.00, accuracy: 0.82, mean_accuracy: 0.63, mean_recall: 0.63, mean_precision: 0.71, mean_f1: 0.62, kappa: 0.74, earliness: 0.67

train: Epoch 44:, loss: 3.28, loss_classification: 3.44, earliness_reward: 0.17, lr: 0.00, accuracy: 0.83, mean_accuracy: 0.63, mean_recall: 0.63, mean_precision: 0.71, mean_f1: 0.62, kappa: 0.74, earliness: 0.66

train: Epoch 45:, loss: 3.24, loss_classification: 3.41, earliness_reward: 0.17, lr: 0.00, accuracy: 0.83, mean_accuracy: 0.63, mean_recall: 0.63, mean_precision: 0.73, mean_f1: 0.62, kappa: 0.75, earliness: 0.65

train: Epoch 46:, loss: 3.21, loss_classification: 3.38, earliness_reward: 0.17, lr: 0.00, accuracy: 0.83, mean_accuracy: 0.65, mean_recall: 0.65, mean_precision: 0.74, mean_f1: 0.64, kappa: 0.75, earliness: 0.66

train: Epoch 47:, loss: 3.20, loss_classification: 3.37, earliness_reward: 0.17, lr: 0.00, accuracy: 0.83, mean_accuracy: 0.65, mean_recall: 0.65, mean_precision: 0.73, mean_f1: 0.66, kappa: 0.75, earliness: 0.66

train: Epoch 48:, loss: 3.26, loss_classification: 3.43, earliness_reward: 0.17, lr: 0.00, accuracy: 0.82, mean_accuracy: 0.63, mean_recall: 0.63, mean_precision: 0.73, mean_f1: 0.63, kappa: 0.74, earliness: 0.65

train: Epoch 49:, loss: 3.22, loss_classification: 3.39, earliness_reward: 0.17, lr: 0.00, accuracy: 0.83, mean_accuracy: 0.65, mean_recall: 0.65, mean_precision: 0.73, mean_f1: 0.65, kappa: 0.75, earliness: 0.65

train: Epoch 50:, loss: 3.15, loss_classification: 3.31, earliness_reward: 0.17, lr: 0.00, accuracy: 0.83, mean_accuracy: 0.66, mean_recall: 0.66, mean_precision: 0.74, mean_f1: 0.67, kappa: 0.76, earliness: 0.66

train: Epoch 51:, loss: 3.17, loss_classification: 3.34, earliness_reward: 0.17, lr: 0.00, accuracy: 0.83, mean_accuracy: 0.66, mean_recall: 0.66, mean_precision: 0.73, mean_f1: 0.66, kappa: 0.76, earliness: 0.66

train: Epoch 52:, loss: 3.15, loss_classification: 3.32, earliness_reward: 0.17, lr: 0.00, accuracy: 0.83, mean_accuracy: 0.66, mean_recall: 0.66, mean_precision: 0.73, mean_f1: 0.68, kappa: 0.76, earliness: 0.66

train: Epoch 53:, loss: 3.12, loss_classification: 3.29, earliness_reward: 0.17, lr: 0.00, accuracy: 0.84, mean_accuracy: 0.66, mean_recall: 0.66, mean_precision: 0.74, mean_f1: 0.66, kappa: 0.76, earliness: 0.65

train: Epoch 54:, loss: 3.21, loss_classification: 3.37, earliness_reward: 0.16, lr: 0.00, accuracy: 0.84, mean_accuracy: 0.66, mean_recall: 0.66, mean_precision: 0.73, mean_f1: 0.67, kappa: 0.76, earliness: 0.67

train: Epoch 55:, loss: 3.12, loss_classification: 3.29, earliness_reward: 0.17, lr: 0.00, accuracy: 0.84, mean_accuracy: 0.67, mean_recall: 0.67, mean_precision: 0.76, mean_f1: 0.69, kappa: 0.77, earliness: 0.65

train: Epoch 56:, loss: 3.08, loss_classification: 3.25, earliness_reward: 0.18, lr: 0.00, accuracy: 0.84, mean_accuracy: 0.68, mean_recall: 0.68, mean_precision: 0.75, mean_f1: 0.69, kappa: 0.77, earliness: 0.65

train: Epoch 57:, loss: 3.06, loss_classification: 3.22, earliness_reward: 0.17, lr: 0.00, accuracy: 0.85, mean_accuracy: 0.69, mean_recall: 0.69, mean_precision: 0.76, mean_f1: 0.70, kappa: 0.78, earliness: 0.67

train: Epoch 58:, loss: 2.99, loss_classification: 3.16, earliness_reward: 0.17, lr: 0.00, accuracy: 0.85, mean_accuracy: 0.69, mean_recall: 0.69, mean_precision: 0.76, mean_f1: 0.70, kappa: 0.78, earliness: 0.66

train: Epoch 59:, loss: 3.05, loss_classification: 3.22, earliness_reward: 0.17, lr: 0.00, accuracy: 0.85, mean_accuracy: 0.69, mean_recall: 0.69, mean_precision: 0.76, mean_f1: 0.70, kappa: 0.78, earliness: 0.66

train: Epoch 60:, loss: 3.01, loss_classification: 3.19, earliness_reward: 0.17, lr: 0.00, accuracy: 0.85, mean_accuracy: 0.69, mean_recall: 0.69, mean_precision: 0.76, mean_f1: 0.70, kappa: 0.78, earliness: 0.66
valid: Epoch 60:, loss: 2.99, loss_classification: 3.21, earliness_reward: 0.21, accuracy: 0.83, mean_accuracy: 0.63, mean_recall: 0.63, mean_precision: 0.70, mean_f1: 0.64, kappa: 0.73, earliness: 0.59ending training phase earliness

saving model to /tmp/nsamples/BavarianCrops/model_earliness.pth
Saving log to /tmp/nsamples/BavarianCrops/log_earliness.csv
saving /tmp/nsamples/BavarianCrops/npy/confusion_matrix_60.npy
saving /tmp/nsamples/BavarianCrops/npy/targets_60.npy
saving /tmp/nsamples/BavarianCrops/npy/inputs_60.npy
saving /tmp/nsamples/BavarianCrops/npy/deltas_60.npy
saving /tmp/nsamples/BavarianCrops/npy/pts_60.npy
saving /tmp/nsamples/BavarianCrops/npy/budget_60.npy
saving /tmp/nsamples/BavarianCrops/npy/probas_60.npy
saving /tmp/nsamples/BavarianCrops/npy/t_stops_60.npy
saving /tmp/nsamples/BavarianCrops/npy/predictions_60.npy
saving /tmp/nsamples/BavarianCrops/npy/labels_60.npy
2019-05-22T12:17:04+00:00 : ended optimization with -1 examples
